<?xml version="1.0" encoding="UTF-8" ?>
<testsuite errors="0" failures="0" hostname="mdkr-mbp.local" name="nl.ica.ddoa.dda.example.UserTest" tests="4" time="0.0090" timestamp="2012-01-31T10:32:55">
  <properties>
    <property name="java.vendor" value="Apple Inc." />
    <property name="dirs.checkstyle" value="/Users/mdkr/Documents/Workspaces/ddoa_workspace/AntIntro/reports/checkstyle" />
    <property name="sun.java.launcher" value="SUN_STANDARD" />
    <property name="eclipse.pdebuild.templates" value="/Applications/Eclipse Indigo/plugins/org.eclipse.pde.build_3.7.0.v20110512-1320/templates//" />
    <property name="sun.management.compiler" value="HotSpot 64-Bit Tiered Compilers" />
    <property name="os.name" value="Mac OS X" />
    <property name="sun.boot.class.path" value="/System/Library/Java/JavaVirtualMachines/1.6.0.jdk/Contents/Classes/jsfd.jar:/System/Library/Java/JavaVirtualMachines/1.6.0.jdk/Contents/Classes/classes.jar:/System/Library/Frameworks/JavaVM.framework/Frameworks/JavaRuntimeSupport.framework/Resources/Java/JavaRuntimeSupport.jar:/System/Library/Java/JavaVirtualMachines/1.6.0.jdk/Contents/Classes/ui.jar:/System/Library/Java/JavaVirtualMachines/1.6.0.jdk/Contents/Classes/laf.jar:/System/Library/Java/JavaVirtualMachines/1.6.0.jdk/Contents/Classes/sunrsasign.jar:/System/Library/Java/JavaVirtualMachines/1.6.0.jdk/Contents/Classes/jsse.jar:/System/Library/Java/JavaVirtualMachines/1.6.0.jdk/Contents/Classes/jce.jar:/System/Library/Java/JavaVirtualMachines/1.6.0.jdk/Contents/Classes/charsets.jar" />
    <property name="TODAY" value="January 31 2012" />
    <property name="java.vm.specification.vendor" value="Sun Microsystems Inc." />
    <property name="ant.home" value="/Applications/Eclipse Indigo/plugins/org.apache.ant_1.8.2.v20110505-1300" />
    <property name="java.runtime.version" value="1.6.0_29-b11-402-10M3527" />
    <property name="user.name" value="mdkr" />
    <property name="dirs.build" value="/Users/mdkr/Documents/Workspaces/ddoa_workspace/AntIntro/build" />
    <property name="awt.nativeDoubleBuffering" value="true" />
    <property name="user.language" value="en" />
    <property name="sun.boot.library.path" value="/System/Library/Java/JavaVirtualMachines/1.6.0.jdk/Contents/Libraries" />
    <property name="dirs.reports" value="/Users/mdkr/Documents/Workspaces/ddoa_workspace/AntIntro/reports" />
    <property name="ant.project.default-target" value="compile" />
    <property name="ant.project.name" value="AntIntro" />
    <property name="DSTAMP" value="20120131" />
    <property name="java.version" value="1.6.0_29" />
    <property name="user.timezone" value="" />
    <property name="sun.arch.data.model" value="64" />
    <property name="http.nonProxyHosts" value="local|*.local|169.254/16|*.169.254/16" />
    <property name="java.endorsed.dirs" value="/System/Library/Java/JavaVirtualMachines/1.6.0.jdk/Contents/Home/lib/endorsed" />
    <property name="sun.cpu.isalist" value="" />
    <property name="sun.jnu.encoding" value="MacRoman" />
    <property name="file.encoding.pkg" value="sun.io" />
    <property name="file.separator" value="/" />
    <property name="java.specification.name" value="Java Platform API Specification" />
    <property name="java.class.version" value="50.0" />
    <property name="user.country" value="US" />
    <property name="ant.file.type.AntIntro" value="file" />
    <property name="java.home" value="/System/Library/Java/JavaVirtualMachines/1.6.0.jdk/Contents/Home" />
    <property name="java.vm.info" value="mixed mode" />
    <property name="ant.file" value="/Users/mdkr/Documents/Workspaces/ddoa_workspace/AntIntro/build.xml" />
    <property name="os.version" value="10.6.8" />
    <property name="dirs.test" value="/Users/mdkr/Documents/Workspaces/ddoa_workspace/AntIntro/test" />
    <property name="path.separator" value=":" />
    <property name="java.vm.version" value="20.4-b02-402" />
    <property name="ant.library.dir" value="/Applications/Eclipse Indigo/plugins/org.apache.ant_1.8.2.v20110505-1300/lib" />
    <property name="java.awt.printerjob" value="apple.awt.CPrinterJob" />
    <property name="sun.io.unicode.encoding" value="UnicodeLittle" />
    <property name="dirs.config" value="/Users/mdkr/Documents/Workspaces/ddoa_workspace/AntIntro/toolconfigs" />
    <property name="awt.toolkit" value="apple.awt.CToolkit" />
    <property name="socksNonProxyHosts" value="local|*.local|169.254/16|*.169.254/16" />
    <property name="ftp.nonProxyHosts" value="local|*.local|169.254/16|*.169.254/16" />
    <property name="eclipse.pdebuild.scripts" value="/Applications/Eclipse Indigo/plugins/org.eclipse.pde.build_3.7.0.v20110512-1320/scripts//" />
    <property name="user.home" value="/Users/mdkr" />
    <property name="java.specification.vendor" value="Sun Microsystems Inc." />
    <property name="java.library.path" value=".:/Library/Java/Extensions:/System/Library/Java/Extensions:/usr/lib/java:/Applications/Eclipse Indigo/configuration/org.eclipse.osgi/bundles/589/1/.cp" />
    <property name="java.vendor.url" value="http://www.apple.com/" />
    <property name="java.vm.vendor" value="Apple Inc." />
    <property name="gopherProxySet" value="false" />
    <property name="java.runtime.name" value="Java(TM) SE Runtime Environment" />
    <property name="sun.java.command" value="org.eclipse.ant.internal.launching.remote.InternalAntRunner -Dorg.eclipse.ant.core.ANT_PROCESS_ID=1328005972999 -Declipse.connect.port=65086 -Declipse.pdebuild.home=/Applications/Eclipse Indigo/plugins/org.eclipse.pde.build_3.7.0.v20110512-1320/.// -Declipse.pdebuild.scripts=/Applications/Eclipse Indigo/plugins/org.eclipse.pde.build_3.7.0.v20110512-1320/scripts// -Declipse.pdebuild.templates=/Applications/Eclipse Indigo/plugins/org.eclipse.pde.build_3.7.0.v20110512-1320/templates// -Dant.home=/Applications/Eclipse Indigo/plugins/org.apache.ant_1.8.2.v20110505-1300 -logger org.eclipse.ant.internal.launching.remote.logger.RemoteAntBuildLogger -inputhandler org.eclipse.ant.internal.ui.antsupport.inputhandler.ProxyInputHandler -buildfile /Users/mdkr/Documents/Workspaces/ddoa_workspace/AntIntro/build.xml dist" />
    <property name="java.class.path" value="/Applications/Eclipse Indigo/plugins/org.apache.ant_1.8.2.v20110505-1300/lib/ant-antlr.jar:/Applications/Eclipse Indigo/plugins/org.apache.ant_1.8.2.v20110505-1300/lib/ant-apache-bcel.jar:/Applications/Eclipse Indigo/plugins/org.apache.ant_1.8.2.v20110505-1300/lib/ant-apache-bsf.jar:/Applications/Eclipse Indigo/plugins/org.apache.ant_1.8.2.v20110505-1300/lib/ant-apache-log4j.jar:/Applications/Eclipse Indigo/plugins/org.apache.ant_1.8.2.v20110505-1300/lib/ant-apache-oro.jar:/Applications/Eclipse Indigo/plugins/org.apache.ant_1.8.2.v20110505-1300/lib/ant-apache-regexp.jar:/Applications/Eclipse Indigo/plugins/org.apache.ant_1.8.2.v20110505-1300/lib/ant-apache-resolver.jar:/Applications/Eclipse Indigo/plugins/org.apache.ant_1.8.2.v20110505-1300/lib/ant-apache-xalan2.jar:/Applications/Eclipse Indigo/plugins/org.apache.ant_1.8.2.v20110505-1300/lib/ant-commons-logging.jar:/Applications/Eclipse Indigo/plugins/org.apache.ant_1.8.2.v20110505-1300/lib/ant-commons-net.jar:/Applications/Eclipse Indigo/plugins/org.apache.ant_1.8.2.v20110505-1300/lib/ant-jai.jar:/Applications/Eclipse Indigo/plugins/org.apache.ant_1.8.2.v20110505-1300/lib/ant-javamail.jar:/Applications/Eclipse Indigo/plugins/org.apache.ant_1.8.2.v20110505-1300/lib/ant-jdepend.jar:/Applications/Eclipse Indigo/plugins/org.apache.ant_1.8.2.v20110505-1300/lib/ant-jmf.jar:/Applications/Eclipse Indigo/plugins/org.apache.ant_1.8.2.v20110505-1300/lib/ant-jsch.jar:/Applications/Eclipse Indigo/plugins/org.apache.ant_1.8.2.v20110505-1300/lib/ant-junit.jar:/Applications/Eclipse Indigo/plugins/org.apache.ant_1.8.2.v20110505-1300/lib/ant-junit4.jar:/Applications/Eclipse Indigo/plugins/org.apache.ant_1.8.2.v20110505-1300/lib/ant-launcher.jar:/Applications/Eclipse Indigo/plugins/org.apache.ant_1.8.2.v20110505-1300/lib/ant-netrexx.jar:/Applications/Eclipse Indigo/plugins/org.apache.ant_1.8.2.v20110505-1300/lib/ant-swing.jar:/Applications/Eclipse Indigo/plugins/org.apache.ant_1.8.2.v20110505-1300/lib/ant-testutil.jar:/Applications/Eclipse Indigo/plugins/org.apache.ant_1.8.2.v20110505-1300/lib/ant.jar:/Applications/Eclipse Indigo/configuration/org.eclipse.osgi/bundles/50/1/.cp/lib/antdebug.jar:/Applications/Eclipse Indigo/configuration/org.eclipse.osgi/bundles/50/1/.cp/lib/remote.jar:/Applications/Eclipse Indigo/configuration/org.eclipse.osgi/bundles/51/1/.cp/lib/remoteAnt.jar:/Applications/Eclipse Indigo/plugins/org.eclipse.swt.cocoa.macosx.x86_64_3.7.0.v3735b.jar" />
    <property name="ant.version" value="Apache Ant(TM) version 1.8.2 compiled on December 20 2010" />
    <property name="TSTAMP" value="1132" />
    <property name="java.vm.specification.name" value="Java Virtual Machine Specification" />
    <property name="java.vm.specification.version" value="1.0" />
    <property name="sun.cpu.endian" value="little" />
    <property name="sun.os.patch.level" value="unknown" />
    <property name="ant.file.AntIntro" value="/Users/mdkr/Documents/Workspaces/ddoa_workspace/AntIntro/build.xml" />
    <property name="eclipse.pdebuild.home" value="/Applications/Eclipse Indigo/plugins/org.eclipse.pde.build_3.7.0.v20110512-1320/.//" />
    <property name="java.io.tmpdir" value="/var/folders/UJ/UJDpA2oWGy8EQzLZ-sJ20++++TI/-Tmp-/" />
    <property name="java.vendor.url.bug" value="http://bugreport.apple.com/" />
    <property name="mrj.build" value="10M3527" />
    <property name="os.arch" value="x86_64" />
    <property name="java.awt.graphicsenv" value="apple.awt.CGraphicsEnvironment" />
    <property name="java.ext.dirs" value="/Library/Java/Extensions:/System/Library/Java/Extensions:/System/Library/Java/JavaVirtualMachines/1.6.0.jdk/Contents/Home/lib/ext" />
    <property name="user.dir" value="/Users/mdkr/Documents/Workspaces/ddoa_workspace/AntIntro" />
    <property name="mrj.version" value="1060.1.6.0_29-402" />
    <property name="dirs.source" value="/Users/mdkr/Documents/Workspaces/ddoa_workspace/AntIntro/src" />
    <property name="dirs.libs" value="/Users/mdkr/Documents/Workspaces/ddoa_workspace/AntIntro/libs" />
    <property name="line.separator" value="&#xa;" />
    <property name="java.vm.name" value="Java HotSpot(TM) 64-Bit Server VM" />
    <property name="dirs.javadoc" value="/Users/mdkr/Documents/Workspaces/ddoa_workspace/AntIntro/reports/javadoc" />
    <property name="dirs.dist" value="/Users/mdkr/Documents/Workspaces/ddoa_workspace/AntIntro/dist" />
    <property name="basedir" value="/Users/mdkr/Documents/Workspaces/ddoa_workspace/AntIntro" />
    <property name="ant.java.version" value="1.6" />
    <property name="ant.core.lib" value="/Applications/Eclipse Indigo/plugins/org.apache.ant_1.8.2.v20110505-1300/lib/ant.jar" />
    <property name="file.encoding" value="UTF-8" />
    <property name="dirs.junit" value="/Users/mdkr/Documents/Workspaces/ddoa_workspace/AntIntro/reports/junit" />
    <property name="java.specification.version" value="1.6" />
    <property name="ant.project.invoked-targets" value="dist" />
  </properties>
  <testcase classname="nl.ica.ddoa.dda.example.UserTest" name="correctConstructor" time="0.0020" />
  <testcase classname="nl.ica.ddoa.dda.example.UserTest" name="testNegativeNumbers" time="0.0" />
  <testcase classname="nl.ica.ddoa.dda.example.UserTest" name="testEmptyString" time="0.0" />
  <testcase classname="nl.ica.ddoa.dda.example.UserTest" name="zeroId" time="0.0" />
  <system-out><![CDATA[]]></system-out>
  <system-err><![CDATA[]]></system-err>
</testsuite>
